<?xml version="1.0" encoding="UTF-8"?><testsuite errors="1" failures="0" name="Academy Choucair" skipped="0" tests="1" time="22.57" timestamp="2021-05-14 10:54:57"><testcase name="Search for a automation course"><error message="Could not instantiate class org.openqa.selenium.chrome.ChromeDriver" type="net.thucydides.core.webdriver.DriverConfigurationError">Could not instantiate class org.openqa.selenium.chrome.ChromeDriver</error><system-err>Could not instantiate class org.openqa.selenium.chrome.ChromeDriver&#13;
co.com.choucair.certification.proyectobasecamilo.tasks.Openup.performAs(Openup.java:17)&#13;
co.com.choucair.certification.proyectobasecamilo.stepdefinitions.ChoucairAcademyStepDefinitions.thanCamiloWantsToLearnAutomationAtTheAcademyChoucair(ChoucairAcademyStepDefinitions.java:27)&#13;
cucumber.runner.Runner.runPickle(Runner.java:80)&#13;
</system-err></testcase></testsuite>